<?xml version="1.0" encoding="UTF-8"?>
<testsuite name="com.vectras.gradle.DeprecatedApiScanPluginSpec" tests="1" skipped="0" failures="0" errors="0" timestamp="2025-10-05T05:43:52" hostname="DESKTOP-KBG08RN" time="0.228">
  <properties/>
  <testcase name="scan task runs with zero findings" classname="com.vectras.gradle.DeprecatedApiScanPluginSpec" time="0.228"/>
  <system-out><![CDATA[]]></system-out>
  <system-err><![CDATA[]]></system-err>
</testsuite>
